android/app/build/outputs/mapping/release/seeds.txt
com.sixamtech.stackfooduser.MainActivity
com.sixamtech.stackfooduser.MainActivity: MainActivity()
...
com.google.android.gms.internal.firebase-auth-api.zzdc$zza: com.google.android.gms.internal.firebase-auth-api.zzdc$zza zza
com.google.android.recaptcha.internal.zzt: int zzc
androidx.core.content.FileProvider: java.lang.String TAG_EXTERNAL_CACHE
com.google.android.gms.internal.firebase-auth-api.zzrv: byte[] zza
com.google.android.gms.internal.firebase-auth-api.zzaec: com.google.firebase.FirebaseApp zze
com.pichillilorenzo.flutter_inappwebview_android.types.PreferredContentModeOptionType: com.pichillilorenzo.flutter_inappwebview_android.types.PreferredContentModeOptionType RECOMMENDED
com.google.android.recaptcha.internal.zzrc: com.google.android.recaptcha.internal.zzoq zzd
com.google.android.gms.internal.location.zzey: java.lang.Object[] zzb
com.google.android.gms.internal.location.zzj: com.google.android.gms.location.zzt zzc
com.google.android.gms.internal.base.zak: android.graphics.drawable.Drawable zak
com.google.android.gms.internal.location.zzao: com.google.android.gms.location.SleepSegmentRequest zzc
com.google.android.gms.fido.fido2.api.common.AuthenticatorAttestationResponse: android.os.Parcelable$Creator CREATOR
com.pichillilorenzo.flutter_inappwebview_android.webview.in_app_webview.InAppWebView$10: android.webkit.ValueCallback val$resultCallback
com.google.firebase.messaging.RemoteMessage: android.os.Parcelable$Creator CREATOR
com.google.android.gms.internal.firebase-auth-api.zzer: com.google.android.gms.internal.firebase-auth-api.zzzn zza
com.google.android.gms.internal.firebase-auth-api.zzpn: com.google.android.gms.internal.firebase-auth-api.zzzn zzb
com.google.android.gms.internal.auth-api.zbaj: com.google.android.gms.auth.api.identity.BeginSignInRequest zbb
com.google.android.gms.internal.firebase-auth-api.zzmt: java.security.spec.ECParameterSpec zza
com.pichillilorenzo.flutter_inappwebview_android.types.PrintJobInfoExt: com.pichillilorenzo.flutter_inappwebview_android.types.PrintAttributesExt attributes
androidx.datastore.preferences.protobuf.InvalidProtocolBufferException: long serialVersionUID
com.google.android.gms.internal.base.zai: com.google.android.gms.internal.base.zah zab
com.dexterous.flutterlocalnotifications.models.NotificationDetails: java.lang.String CHANNEL_ID
com.dexterous.flutterlocalnotifications.models.IconSource: com.dexterous.flutterlocalnotifications.models.IconSource ByteArray
com.pichillilorenzo.flutter_inappwebview_android.chrome_custom_tabs.NoHistoryCustomTabsActivityCallbacks: java.util.Map noHistoryBrowserIDs
com.pichillilorenzo.flutter_inappwebview_android.webview.in_app_webview.InAppWebView: android.widget.LinearLayout floatingContextMenu
com.google.android.recaptcha.internal.zzrf: int zze
com.google.android.gms.internal.auth.zzhq: int[] zza
com.google.android.recaptcha.internal.zzhz: com.google.android.recaptcha.internal.zzhy zza
com.pichillilorenzo.flutter_inappwebview_android.webview.in_app_webview.InAppWebViewChromeClient: android.webkit.WebChromeClient$CustomViewCallback mCustomViewCallback
com.google.android.gms.internal.firebase-auth-api.zzgt: com.google.android.gms.internal.firebase-auth-api.zznd zze
com.google.crypto.tink.proto.AesCmacKeyFormat: com.google.crypto.tink.shaded.protobuf.Parser PARSER
com.pichillilorenzo.flutter_inappwebview_android.webview.InAppWebViewManager: java.util.Map keepAliveWebViews
com.google.android.gms.internal.firebase-auth-api.zzpt: java.util.Map zzc
com.google.android.gms.internal.firebase-auth-api.zzwb$zza: com.google.android.gms.internal.firebase-auth-api.zzwb$zza zzb
com.google.android.gms.internal.firebase-auth-api.zzacn: java.lang.String zzx
com.google.android.gms.internal.firebase-auth-api.zzabu: java.lang.String zzv
com.dexterous.flutterlocalnotifications.models.NotificationDetails: java.lang.String ticker
com.google.android.gms.internal.firebase-auth-api.zzaif: java.lang.String zzb
com.pichillilorenzo.flutter_inappwebview_android.print_job.PrintJobSettings: java.lang.String LOG_TAG